<?xml version="1.0" encoding="UTF-8"?>
<testsuite xmlns:xsi="http://www.w3.org/2001/XMLSchema-instance" xsi:noNamespaceSchemaLocation="https://maven.apache.org/surefire/maven-surefire-plugin/xsd/surefire-test-report-3.0.xsd" version="3.0" name="com.examly.springapp.SpringappApplicationTests" time="3.401" tests="80" errors="0" skipped="0" failures="0">
  <properties>
[...]
</properties>
  <testcase name="Day3_test_Controller_Directory_Exists" classname="com.examly.springapp.SpringappApplicationTests" time="0.115">
    <system-out><![CDATA[04:23:43.454 [main] DEBUG org.springframework.boot.test.context.SpringBootTestContextBootstrapper - Neither @ContextConfiguration nor @ContextHierarchy found for test class [SpringappApplicationTests]: using SpringBootContextLoader
04:23:43.456 [main] DEBUG org.springframework.test.context.support.AbstractContextLoader - Could not detect default resource locations for test class [com.examly.springapp.SpringappApplicationTests]: no resource found for suffixes {-context.xml, Context.groovy}.
04:23:43.456 [main] INFO org.springframework.test.context.support.AnnotationConfigContextLoaderUtils - Could not detect default configuration classes for test class [com.examly.springapp.SpringappApplicationTests]: SpringappApplicationTests does not declare any static, non-private, non-final, nested classes annotated with @Configuration.
04:23:43.481 [main] DEBUG org.springframework.boot.test.context.SpringBootTestContextBootstrapper - Using ContextCustomizers for test class [SpringappApplicationTests]: [ImportsContextCustomizer, ExcludeFilterContextCustomizer, DuplicateJsonObjectContextCustomizer, MockitoContextCustomizer, TestRestTemplateContextCustomizer, DisableObservabilityContextCustomizer, PropertyMappingContextCustomizer, Customizer]
04:23:43.523 [main] DEBUG org.springframework.context.annotation.ClassPathScanningCandidateComponentProvider - Identified candidate component class: file [/home/coder/project/workspace/springapp/target/classes/com/examly/springapp/SpringappApplication.class]
04:23:43.523 [main] INFO org.springframework.boot.test.context.SpringBootTestContextBootstrapper - Found @SpringBootConfiguration com.examly.springapp.SpringappApplication for test class com.examly.springapp.SpringappApplicationTests
04:23:43.583 [main] DEBUG org.springframework.boot.test.context.SpringBootTestContextBootstrapper - Using TestExecutionListeners for test class [SpringappApplicationTests]: [ServletTestExecutionListener, DirtiesContextBeforeModesTestExecutionListener, ApplicationEventsTestExecutionListener, MockitoTestExecutionListener, DependencyInjectionTestExecutionListener, DirtiesContextTestExecutionListener, TransactionalTestExecutionListener, SqlScriptsTestExecutionListener, EventPublishingTestExecutionListener, ResetMocksTestExecutionListener, RestDocsTestExecutionListener, MockRestServiceServerResetTestExecutionListener, MockMvcPrintOnlyOnFailureTestExecutionListener, WebDriverTestExecutionListener, MockWebServiceServerTestExecutionListener]
04:23:43.584 [main] DEBUG org.springframework.test.context.support.AbstractDirtiesContextTestExecutionListener - Before test class: class [SpringappApplicationTests], class annotated with @DirtiesContext [false] with mode [null]

  .   ____          _            __ _ _
 /\\ / ___'_ __ _ _(_)_ __  __ _ \ \ \ \
( ( )\___ | '_ | '_| | '_ \/ _` | \ \ \ \
 \\/  ___)| |_)| | | | | || (_| |  ) ) ) )
  '  |____| .__|_| |_|_| |_\__, | / / / /
 =========|_|==============|___/=/_/_/_/
 :: Spring Boot ::                (v3.0.1)

2025-12-26T04:23:43.765Z  INFO 3375 --- [           main] c.e.springapp.SpringappApplicationTests  : Starting SpringappApplicationTests using Java 17.0.17 with PID 3375 (started by coder in /home/coder/project/workspace/springapp)
2025-12-26T04:23:43.766Z  INFO 3375 --- [           main] c.e.springapp.SpringappApplicationTests  : No active profile set, falling back to 1 default profile: "default"
2025-12-26T04:23:44.173Z  INFO 3375 --- [           main] .s.d.r.c.RepositoryConfigurationDelegate : Bootstrapping Spring Data JPA repositories in DEFAULT mode.
2025-12-26T04:23:44.216Z  INFO 3375 --- [           main] .s.d.r.c.RepositoryConfigurationDelegate : Finished Spring Data repository scanning in 38 ms. Found 5 JPA repository interfaces.
2025-12-26T04:23:44.473Z  INFO 3375 --- [           main] o.hibernate.jpa.internal.util.LogHelper  : HHH000204: Processing PersistenceUnitInfo [name: default]
2025-12-26T04:23:44.498Z  INFO 3375 --- [           main] org.hibernate.Version                    : HHH000412: Hibernate ORM core version 6.1.6.Final
2025-12-26T04:23:44.594Z  WARN 3375 --- [           main] org.hibernate.orm.deprecation            : HHH90000021: Encountered deprecated setting [javax.persistence.sharedCache.mode], use [jakarta.persistence.sharedCache.mode] instead
2025-12-26T04:23:44.674Z  INFO 3375 --- [           main] com.zaxxer.hikari.HikariDataSource       : HikariPool-1 - Starting...
2025-12-26T04:23:44.777Z  INFO 3375 --- [           main] com.zaxxer.hikari.pool.HikariPool        : HikariPool-1 - Added connection com.mysql.cj.jdbc.ConnectionImpl@16d41725
2025-12-26T04:23:44.778Z  INFO 3375 --- [           main] com.zaxxer.hikari.HikariDataSource       : HikariPool-1 - Start completed.
2025-12-26T04:23:44.791Z  INFO 3375 --- [           main] SQL dialect                              : HHH000400: Using dialect: org.hibernate.dialect.MySQL8Dialect
2025-12-26T04:23:44.791Z  WARN 3375 --- [           main] org.hibernate.orm.deprecation            : HHH90000026: MySQL8Dialect has been deprecated; use org.hibernate.dialect.MySQLDialect instead
Hibernate: alter table book drop foreign key FK8hoc1atntar2ual43nkj8o9w5
Hibernate: alter table borrow drop foreign key FKsechakti9779s2jl4v1k5psxs
Hibernate: alter table borrow drop foreign key FKh707bdunpvomxsdjk9dxnq72q
Hibernate: drop table if exists book
Hibernate: drop table if exists book_category
Hibernate: drop table if exists borrow
Hibernate: drop table if exists fine
Hibernate: drop table if exists member
Hibernate: create table book (book_id bigint not null auto_increment, author varchar(255), available bit not null, title varchar(255), book_category_category_id bigint, primary key (book_id)) engine=InnoDB
Hibernate: create table book_category (category_id bigint not null auto_increment, category_name varchar(255), primary key (category_id)) engine=InnoDB
Hibernate: create table borrow (borrow_id bigint not null auto_increment, borrow_date varchar(255), return_date varchar(255), returned bit not null, book_book_id bigint, member_member_id bigint, primary key (borrow_id)) engine=InnoDB
Hibernate: create table fine (fine_id bigint not null auto_increment, primary key (fine_id)) engine=InnoDB
Hibernate: create table member (member_id bigint not null auto_increment, email varchar(255), name varchar(255), phone varchar(255), primary key (member_id)) engine=InnoDB
Hibernate: alter table book add constraint FK8hoc1atntar2ual43nkj8o9w5 foreign key (book_category_category_id) references book_category (category_id)
Hibernate: alter table borrow add constraint FKsechakti9779s2jl4v1k5psxs foreign key (book_book_id) references book (book_id)
Hibernate: alter table borrow add constraint FKh707bdunpvomxsdjk9dxnq72q foreign key (member_member_id) references member (member_id)
2025-12-26T04:23:45.491Z  INFO 3375 --- [           main] o.h.e.t.j.p.i.JtaPlatformInitiator       : HHH000490: Using JtaPlatform implementation: [org.hibernate.engine.transaction.jta.platform.internal.NoJtaPlatform]
2025-12-26T04:23:45.497Z  INFO 3375 --- [           main] j.LocalContainerEntityManagerFactoryBean : Initialized JPA EntityManagerFactory for persistence unit 'default'
2025-12-26T04:23:45.865Z  WARN 3375 --- [           main] JpaBaseConfiguration$JpaWebConfiguration : spring.jpa.open-in-view is enabled by default. Therefore, database queries may be performed during view rendering. Explicitly configure spring.jpa.open-in-view to disable this warning
2025-12-26T04:23:46.104Z  INFO 3375 --- [           main] o.s.b.t.m.w.SpringBootMockServletContext : Initializing Spring TestDispatcherServlet ''
2025-12-26T04:23:46.104Z  INFO 3375 --- [           main] o.s.t.web.servlet.TestDispatcherServlet  : Initializing Servlet ''
2025-12-26T04:23:46.106Z  INFO 3375 --- [           main] o.s.t.web.servlet.TestDispatcherServlet  : Completed initialization in 1 ms
2025-12-26T04:23:46.119Z  INFO 3375 --- [           main] c.e.springapp.SpringappApplicationTests  : Started SpringappApplicationTests in 2.51 seconds (process running for 3.182)
]]></system-out>
  </testcase>
  <testcase name="Day3_test_Model_Directory_Exists" classname="com.examly.springapp.SpringappApplicationTests" time="0.002"/>
  <testcase name="Day3_test_Service_Directory_Exists" classname="com.examly.springapp.SpringappApplicationTests" time="0.001"/>
  <testcase name="Day3_test_Repository_Directory_Exists" classname="com.examly.springapp.SpringappApplicationTests" time="0.001"/>
  <testcase name="Day4_test_BookCategoryModel_File_Exists" classname="com.examly.springapp.SpringappApplicationTests" time="0.001"/>
  <testcase name="Day4_test_BookModel_File_Exists" classname="com.examly.springapp.SpringappApplicationTests" time="0.001"/>
  <testcase name="Day4_test_BorrowModel_File_Exists" classname="com.examly.springapp.SpringappApplicationTests" time="0.001"/>
  <testcase name="Day4_test_MemberModel_File_Exists" classname="com.examly.springapp.SpringappApplicationTests" time="0.001"/>
  <testcase name="Day4_test_FineModel_File_Exists" classname="com.examly.springapp.SpringappApplicationTests" time="0.001"/>
  <testcase name="Day4_test_Book_Has_Entity_Annotation" classname="com.examly.springapp.SpringappApplicationTests" time="0.001"/>
  <testcase name="Day4_test_Book_Has_Id_Annotation_On_Field" classname="com.examly.springapp.SpringappApplicationTests" time="0.001"/>
  <testcase name="Day5_testBookCategoryRepo_File_Exists" classname="com.examly.springapp.SpringappApplicationTests" time="0.001"/>
  <testcase name="Day5_testBookRepo_File_Exists" classname="com.examly.springapp.SpringappApplicationTests" time="0.001"/>
  <testcase name="Day5_testBorrowRepo_File_Exists" classname="com.examly.springapp.SpringappApplicationTests" time="0.002"/>
  <testcase name="Day5_testFineRepo_File_Exists" classname="com.examly.springapp.SpringappApplicationTests" time="0.002"/>
  <testcase name="Day5_testMemberRepo_File_Exists" classname="com.examly.springapp.SpringappApplicationTests" time="0.002"/>
  <testcase name="Day5_test_BookRepo_Has_Repository_Annotation" classname="com.examly.springapp.SpringappApplicationTests" time="0.001"/>
  <testcase name="Day5_test_BookCategoryRepo_Has_Repository_Annotation" classname="com.examly.springapp.SpringappApplicationTests" time="0.001"/>
  <testcase name="Day5_test_MemberRepo_Has_Repository_Annotation" classname="com.examly.springapp.SpringappApplicationTests" time="0.001"/>
  <testcase name="Day5_test_BorrowRepo_Has_Repository_Annotation" classname="com.examly.springapp.SpringappApplicationTests" time="0.001"/>
  <testcase name="Day5_test_FineRepo_Has_Repository_Annotation" classname="com.examly.springapp.SpringappApplicationTests" time="0.001"/>
  <testcase name="Day6_test_BookCategoryController_File_Exists" classname="com.examly.springapp.SpringappApplicationTests" time="0.002"/>
  <testcase name="Day6_test_BookController_File_Exists" classname="com.examly.springapp.SpringappApplicationTests" time="0.002"/>
  <testcase name="Day6_test_MemberController_File_Exists" classname="com.examly.springapp.SpringappApplicationTests" time="0.002"/>
  <testcase name="Day6_test_BorrowController_File_Exists" classname="com.examly.springapp.SpringappApplicationTests" time="0.001"/>
  <testcase name="Day6_test_FineController_File_Exists" classname="com.examly.springapp.SpringappApplicationTests" time="0.001"/>
  <testcase name="Day6_test_BookCategoryController_Has_RestController_Annotation" classname="com.examly.springapp.SpringappApplicationTests" time="0.001"/>
  <testcase name="Day6_test_BookController_Has_RestController_Annotation" classname="com.examly.springapp.SpringappApplicationTests" time="0.002"/>
  <testcase name="Day6_test_BookCategoryController_Has_PostMapping" classname="com.examly.springapp.SpringappApplicationTests" time="0.002"/>
  <testcase name="Day6_test_BookCategoryController_Has_GetMapping" classname="com.examly.springapp.SpringappApplicationTests" time="0.001"/>
  <testcase name="Day6_test_BookCategoryController_Has_PutMapping" classname="com.examly.springapp.SpringappApplicationTests" time="0.001"/>
  <testcase name="Day6_test_BookCategoryController_Has_DeleteMapping" classname="com.examly.springapp.SpringappApplicationTests" time="0.001"/>
  <testcase name="Day6_testCreateCategory_NoBody_StatusBadRequest" classname="com.examly.springapp.SpringappApplicationTests" time="0.082"/>
  <testcase name="Day6_testGetAllCategories_StatusNoContent" classname="com.examly.springapp.SpringappApplicationTests" time="0.07">
    <system-out><![CDATA[Hibernate: select b1_0.category_id,b1_0.category_name from book_category b1_0
]]></system-out>
  </testcase>
  <testcase name="Day6_testGetCategoryById_StatusNotFound" classname="com.examly.springapp.SpringappApplicationTests" time="0.014">
    <system-out><![CDATA[Hibernate: select b1_0.category_id,b1_0.category_name from book_category b1_0 where b1_0.category_id=?
]]></system-out>
  </testcase>
  <testcase name="Day7_test_BookCategoryController_Has_RequestMapping" classname="com.examly.springapp.SpringappApplicationTests" time="0.002"/>
  <testcase name="Day7_test_BookCategoryController_Has_PathVariable" classname="com.examly.springapp.SpringappApplicationTests" time="0.001"/>
  <testcase name="Day7_test_BookController_Has_RequestMapping" classname="com.examly.springapp.SpringappApplicationTests" time="0.001"/>
  <testcase name="Day7_test_BorrowController_Has_RequestMapping" classname="com.examly.springapp.SpringappApplicationTests" time="0.001"/>
  <testcase name="Day7_test_BookController_Has_PathVariable" classname="com.examly.springapp.SpringappApplicationTests" time="0.001"/>
  <testcase name="Day7_test_BorrowController_Has_PathVariable" classname="com.examly.springapp.SpringappApplicationTests" time="0.001"/>
  <testcase name="Day7_test_FineController_Has_RequestMapping" classname="com.examly.springapp.SpringappApplicationTests" time="0.002"/>
  <testcase name="Day8_test_BookCategoryService_File_Exists" classname="com.examly.springapp.SpringappApplicationTests" time="0.001"/>
  <testcase name="Day8_test_BookService_File_Exists" classname="com.examly.springapp.SpringappApplicationTests" time="0.001"/>
  <testcase name="Day8_test_MemberService_File_Exists" classname="com.examly.springapp.SpringappApplicationTests" time="0.001"/>
  <testcase name="Day8_test_BorrowService_File_Exists" classname="com.examly.springapp.SpringappApplicationTests" time="0.002"/>
  <testcase name="Day8_test_FineService_File_Exists" classname="com.examly.springapp.SpringappApplicationTests" time="0.001"/>
  <testcase name="Day8_test_BookCategoryServiceImpl_File_Exists" classname="com.examly.springapp.SpringappApplicationTests" time="0.001"/>
  <testcase name="Day8_test_BookServiceImpl_File_Exists" classname="com.examly.springapp.SpringappApplicationTests" time="0.001"/>
  <testcase name="Day8_test_MemberServiceImpl_File_Exists" classname="com.examly.springapp.SpringappApplicationTests" time="0.001"/>
  <testcase name="Day8_test_BorrowServiceImpl_File_Exists" classname="com.examly.springapp.SpringappApplicationTests" time="0.001"/>
  <testcase name="Day8_test_FineServiceImpl_File_Exists" classname="com.examly.springapp.SpringappApplicationTests" time="0.001"/>
  <testcase name="Day8_testAddBookCategory" classname="com.examly.springapp.SpringappApplicationTests" time="0.052">
    <system-out><![CDATA[Hibernate: insert into book_category (category_name) values (?)
]]></system-out>
  </testcase>
  <testcase name="Day8_testGetAllBookCategories" classname="com.examly.springapp.SpringappApplicationTests" time="0.009">
    <system-out><![CDATA[Hibernate: select b1_0.category_id,b1_0.category_name from book_category b1_0
]]></system-out>
  </testcase>
  <testcase name="Day8_testGetBookCategoryById" classname="com.examly.springapp.SpringappApplicationTests" time="0.005">
    <system-out><![CDATA[Hibernate: select b1_0.category_id,b1_0.category_name from book_category b1_0 where b1_0.category_id=?
]]></system-out>
  </testcase>
  <testcase name="Day8_testUpdateBookCategory" classname="com.examly.springapp.SpringappApplicationTests" time="0.009">
    <system-out><![CDATA[Hibernate: select b1_0.category_id,b1_0.category_name from book_category b1_0 where b1_0.category_id=?
Hibernate: update book_category set category_name=? where category_id=?
]]></system-out>
  </testcase>
  <testcase name="Day9_testPagination_PageNumberApplied" classname="com.examly.springapp.SpringappApplicationTests" time="0.019">
    <system-out><![CDATA[Hibernate: select b1_0.category_id,b1_0.category_name from book_category b1_0 order by b1_0.category_id asc limit ?,?
]]></system-out>
  </testcase>
  <testcase name="Day9_testPagination_PageSizeApplied" classname="com.examly.springapp.SpringappApplicationTests" time="0.007">
    <system-out><![CDATA[Hibernate: select b1_0.category_id,b1_0.category_name from book_category b1_0 order by b1_0.category_id asc limit ?,?
Hibernate: select count(b1_0.category_id) from book_category b1_0
]]></system-out>
  </testcase>
  <testcase name="Day9_testPagination_SortingPresent" classname="com.examly.springapp.SpringappApplicationTests" time="0.005">
    <system-out><![CDATA[Hibernate: select b1_0.category_id,b1_0.category_name from book_category b1_0 order by b1_0.category_id asc limit ?,?
]]></system-out>
  </testcase>
  <testcase name="Day9_testPagination_ContentArrayExists" classname="com.examly.springapp.SpringappApplicationTests" time="0.004">
    <system-out><![CDATA[Hibernate: select b1_0.category_id,b1_0.category_name from book_category b1_0 order by b1_0.category_id asc limit ?,?
]]></system-out>
  </testcase>
  <testcase name="Day9_testPagination_TotalElementsExists" classname="com.examly.springapp.SpringappApplicationTests" time="0.004">
    <system-out><![CDATA[Hibernate: select b1_0.category_id,b1_0.category_name from book_category b1_0 order by b1_0.category_id asc limit ?,?
]]></system-out>
  </testcase>
  <testcase name="Day9_testPagination_TotalPagesExists" classname="com.examly.springapp.SpringappApplicationTests" time="0.004">
    <system-out><![CDATA[Hibernate: select b1_0.category_id,b1_0.category_name from book_category b1_0 order by b1_0.category_id asc limit ?,?
]]></system-out>
  </testcase>
  <testcase name="Day10_testAddBook" classname="com.examly.springapp.SpringappApplicationTests" time="0.009">
    <system-out><![CDATA[Hibernate: insert into book (author, available, book_category_category_id, title) values (?, ?, ?, ?)
]]></system-out>
  </testcase>
  <testcase name="Day10_testGetAllBooks" classname="com.examly.springapp.SpringappApplicationTests" time="0.007">
    <system-out><![CDATA[Hibernate: select b1_0.book_id,b1_0.author,b1_0.available,b1_0.book_category_category_id,b1_0.title from book b1_0
Hibernate: select b1_0.category_id,b1_0.category_name from book_category b1_0 where b1_0.category_id=?
]]></system-out>
  </testcase>
  <testcase name="Day10_testGetBookById" classname="com.examly.springapp.SpringappApplicationTests" time="0.005">
    <system-out><![CDATA[Hibernate: select b1_0.book_id,b1_0.author,b1_0.available,b2_0.category_id,b2_0.category_name,b1_0.title from book b1_0 left join book_category b2_0 on b2_0.category_id=b1_0.book_category_category_id where b1_0.book_id=?
]]></system-out>
  </testcase>
  <testcase name="Day10_testUpdateBook" classname="com.examly.springapp.SpringappApplicationTests" time="0.007">
    <system-out><![CDATA[Hibernate: select b1_0.book_id,b1_0.author,b1_0.available,b2_0.category_id,b2_0.category_name,b1_0.title from book b1_0 left join book_category b2_0 on b2_0.category_id=b1_0.book_category_category_id where b1_0.book_id=?
Hibernate: update book set author=?, available=?, book_category_category_id=?, title=? where book_id=?
]]></system-out>
  </testcase>
  <testcase name="Day10_testAddMember" classname="com.examly.springapp.SpringappApplicationTests" time="0.008">
    <system-out><![CDATA[Hibernate: insert into member (email, name, phone) values (?, ?, ?)
]]></system-out>
  </testcase>
  <testcase name="Day10_testGetAllMembers" classname="com.examly.springapp.SpringappApplicationTests" time="0.004">
    <system-out><![CDATA[Hibernate: select m1_0.member_id,m1_0.email,m1_0.name,m1_0.phone from member m1_0
]]></system-out>
  </testcase>
  <testcase name="Day10_testGetMemberById" classname="com.examly.springapp.SpringappApplicationTests" time="0.004">
    <system-out><![CDATA[Hibernate: select m1_0.member_id,m1_0.email,m1_0.name,m1_0.phone from member m1_0 where m1_0.member_id=?
]]></system-out>
  </testcase>
  <testcase name="Day10_testUpdateMember" classname="com.examly.springapp.SpringappApplicationTests" time="0.006">
    <system-out><![CDATA[Hibernate: select m1_0.member_id,m1_0.email,m1_0.name,m1_0.phone from member m1_0 where m1_0.member_id=?
Hibernate: update member set email=?, name=?, phone=? where member_id=?
]]></system-out>
  </testcase>
  <testcase name="Day11_testGetMembersByPhone" classname="com.examly.springapp.SpringappApplicationTests" time="0.016">
    <system-out><![CDATA[Hibernate: select m1_0.member_id,m1_0.email,m1_0.name,m1_0.phone from member m1_0 where m1_0.phone=?
]]></system-out>
  </testcase>
  <testcase name="Day12_testGetBooksByCategoryName" classname="com.examly.springapp.SpringappApplicationTests" time="0.006">
    <system-out><![CDATA[Hibernate: select b1_0.book_id,b1_0.author,b1_0.available,b1_0.book_category_category_id,b1_0.title from book b1_0 left join book_category b2_0 on b2_0.category_id=b1_0.book_category_category_id where b2_0.category_name=?
Hibernate: select b1_0.category_id,b1_0.category_name from book_category b1_0 where b1_0.category_id=?
]]></system-out>
  </testcase>
  <testcase name="Day12_testGetMemberByEmail" classname="com.examly.springapp.SpringappApplicationTests" time="0.014">
    <system-out><![CDATA[Hibernate: select m1_0.member_id,m1_0.email,m1_0.name,m1_0.phone from member m1_0 where m1_0.email=?
]]></system-out>
  </testcase>
  <testcase name="Day12_testGetMemberByPhone_NotFound" classname="com.examly.springapp.SpringappApplicationTests" time="0.004">
    <system-out><![CDATA[Hibernate: select m1_0.member_id,m1_0.email,m1_0.name,m1_0.phone from member m1_0 where m1_0.phone=?
]]></system-out>
  </testcase>
  <testcase name="Day12_testGetBookByTitle" classname="com.examly.springapp.SpringappApplicationTests" time="0.015">
    <system-out><![CDATA[Hibernate: select b1_0.book_id,b1_0.author,b1_0.available,b1_0.book_category_category_id,b1_0.title from book b1_0 where b1_0.title=?
Hibernate: select b1_0.category_id,b1_0.category_name from book_category b1_0 where b1_0.category_id=?
]]></system-out>
  </testcase>
  <testcase name="Day12_testGetBookByTitle_NotFound" classname="com.examly.springapp.SpringappApplicationTests" time="0.004">
    <system-out><![CDATA[Hibernate: select b1_0.book_id,b1_0.author,b1_0.available,b1_0.book_category_category_id,b1_0.title from book b1_0 where b1_0.title=?
]]></system-out>
  </testcase>
  <testcase name="Day13_test_execption_Directory_Exists" classname="com.examly.springapp.SpringappApplicationTests" time="0.001"/>
  <testcase name="Day13_test_GloabalEception_File_Exists" classname="com.examly.springapp.SpringappApplicationTests" time="0.001"/>
  <testcase name="Day14_test_configuartion_Directory_Exists" classname="com.examly.springapp.SpringappApplicationTests" time="0.001"/>
  <testcase name="Day15_testAOPLogFileExists" classname="com.examly.springapp.SpringappApplicationTests" time="0.001"/>
</testsuite>